Symbol range map extraction starting
Processing 19 files
startProcessing "com\cemerson\logicaldrops\LogicalDrops.java" md5: 9e290427a52de4d3e443e139ce827545
Cache Hit!
endProcessing "com\cemerson\logicaldrops\LogicalDrops.java"

startProcessing "com\cemerson\logicaldrops\Reference.java" md5: f6a6080dc9c63158a22f2a979f4a3280
Cache Hit!
endProcessing "com\cemerson\logicaldrops\Reference.java"

startProcessing "com\cemerson\logicaldrops\RegisterEventHandler.java" md5: b180f81516dca34bd40833841239f39a
Cache Hit!
endProcessing "com\cemerson\logicaldrops\RegisterEventHandler.java"

startProcessing "com\cemerson\logicaldrops\config\Config.java" md5: 35516615ad9f04c56a82ac2fbb9f931e
Cache Hit!
endProcessing "com\cemerson\logicaldrops\config\Config.java"

startProcessing "com\cemerson\logicaldrops\config\LDCategoryEntry.java" md5: e13b8bb52adc0f1feefb50f485670955
Cache Hit!
endProcessing "com\cemerson\logicaldrops\config\LDCategoryEntry.java"

startProcessing "com\cemerson\logicaldrops\config\LDConfig.java" md5: eac4754ac2ee5936bb8e73f9437e3e0f
endProcessing "com\cemerson\logicaldrops\config\LDConfig.java"

startProcessing "com\cemerson\logicaldrops\config\LDConfigGUIFactory.java" md5: f73bbf0671cb0ab5d7c9ac31372c8ae3
Cache Hit!
endProcessing "com\cemerson\logicaldrops\config\LDConfigGUIFactory.java"

startProcessing "com\cemerson\logicaldrops\config\LogicalDropsConfigGUI.java" md5: 6924298c03fa6854669d54cf9588895e
Cache Hit!
endProcessing "com\cemerson\logicaldrops\config\LogicalDropsConfigGUI.java"

startProcessing "com\cemerson\logicaldrops\config\LogicalDropsGuiFactory.java" md5: 369dca9033b6931825876b21f19bbf07
Cache Hit!
endProcessing "com\cemerson\logicaldrops\config\LogicalDropsGuiFactory.java"

startProcessing "com\cemerson\logicaldrops\container\ContainerFurnaceLD.java" md5: d62227a0ee9a96984438dc3f6d70978a
endProcessing "com\cemerson\logicaldrops\container\ContainerFurnaceLD.java"

startProcessing "com\cemerson\logicaldrops\entity\EntityCapabilityLD.java" md5: 50a56e8ef582193534141a8ac10fe7a0
Cache Hit!
endProcessing "com\cemerson\logicaldrops\entity\EntityCapabilityLD.java"

startProcessing "com\cemerson\logicaldrops\entity\LogicalAnvilUpdateEvent.java" md5: 9fbdbf05bc1a30c4f5068a7ad18da792
Cache Hit!
endProcessing "com\cemerson\logicaldrops\entity\LogicalAnvilUpdateEvent.java"

startProcessing "com\cemerson\logicaldrops\entity\RealisticEntityBehaviorHandler.java" md5: 5b8bd7dae19d93e5b4e530ec84c06c40
endProcessing "com\cemerson\logicaldrops\entity\RealisticEntityBehaviorHandler.java"

startProcessing "com\cemerson\logicaldrops\init\LogicalRecipes.java" md5: eb8db431708b5d300245f81b4b390ca1
Cache Hit!
endProcessing "com\cemerson\logicaldrops\init\LogicalRecipes.java"

startProcessing "com\cemerson\logicaldrops\items\RealismItem.java" md5: f8d5b7b6ca1f1492ad17c89f6ea253ad
Cache Hit!
endProcessing "com\cemerson\logicaldrops\items\RealismItem.java"

startProcessing "com\cemerson\logicaldrops\proxy\ClientProxy.java" md5: 86aefb5bf74d195ec249f7e19147db26
endProcessing "com\cemerson\logicaldrops\proxy\ClientProxy.java"

startProcessing "com\cemerson\logicaldrops\proxy\CommonProxy.java" md5: 3b247a2e3fd4a3e2d633b74de154c67d
Cache Hit!
endProcessing "com\cemerson\logicaldrops\proxy\CommonProxy.java"

startProcessing "com\cemerson\logicaldrops\util\CapabilityHelper.java" md5: 7ef0bce9b1330b3e35a8b7d81433b034
Cache Hit!
endProcessing "com\cemerson\logicaldrops\util\CapabilityHelper.java"

startProcessing "com\cemerson\logicaldrops\util\CraftingHelper.java" md5: 4bba392c2570665059f84f1090f2afe2
Cache Hit!
endProcessing "com\cemerson\logicaldrops\util\CraftingHelper.java"

