[19:22:40] [Client thread/INFO]: Setting user: Player841
[19:22:44] [Client thread/INFO]: LWJGL Version: 2.9.4
[19:22:47] [Client thread/INFO]: Reloading ResourceManager: Default, FMLFileResourcePack:Forge Mod Loader, FMLFileResourcePack:Minecraft Forge, FMLFileResourcePack:Logical Drops
[19:22:50] [Sound Library Loader/INFO]: Starting up SoundSystem...
[19:22:50] [Thread-8/INFO]: Initializing LWJGL OpenAL
[19:22:50] [Thread-8/INFO]: (The LWJGL binding of OpenAL.  For more information, see http://www.lwjgl.org)
[19:22:50] [Thread-8/INFO]: OpenAL initialized.
[19:22:50] [Sound Library Loader/INFO]: Sound engine started
[19:22:53] [Client thread/INFO]: Created: 16x16 textures-atlas
[19:22:55] [Client thread/INFO]: Reloading ResourceManager: Default, FMLFileResourcePack:Forge Mod Loader, FMLFileResourcePack:Minecraft Forge, FMLFileResourcePack:Logical Drops
[19:22:56] [Client thread/INFO]: SoundSystem shutting down...
[19:22:57] [Client thread/WARN]: Author: Paul Lamb, www.paulscode.com
[19:22:57] [Sound Library Loader/INFO]: Starting up SoundSystem...
[19:22:57] [Thread-10/INFO]: Initializing LWJGL OpenAL
[19:22:57] [Thread-10/INFO]: (The LWJGL binding of OpenAL.  For more information, see http://www.lwjgl.org)
[19:22:57] [Thread-10/INFO]: OpenAL initialized.
[19:22:57] [Sound Library Loader/INFO]: Sound engine started
[19:22:59] [Client thread/INFO]: Created: 1024x512 textures-atlas
[19:23:01] [Realms Notification Availability checker #1/INFO]: Could not authorize you against Realms server: Invalid session id
[19:23:18] [Server thread/INFO]: Starting integrated minecraft server version 1.9
[19:23:18] [Server thread/INFO]: Generating keypair
[19:23:21] [Server thread/INFO]: Preparing start region for level 0
[19:23:22] [Server thread/INFO]: Changing view distance to 12, from 10
[19:23:23] [Server thread/INFO]: Player841[local:E:6e1cb6f4] logged in with entity id 110 at (653.7833147792658, 4.0, 1428.5593955090778)
[19:23:23] [Server thread/INFO]: Player841 joined the game
[19:23:25] [Server thread/INFO]: Saving and pausing game...
[19:23:26] [Server thread/INFO]: Saving chunks for level 'EM3R50N-LogicalDrops.1.9-0.9'/Overworld
[19:23:26] [pool-2-thread-1/WARN]: Couldn't look up profile properties for com.mojang.authlib.GameProfile@4f57ae5e[id=197d9491-ff34-3fd1-8394-1aadd56cfa2c,name=Player841,properties={},legacy=false]
com.mojang.authlib.exceptions.AuthenticationException: The client has sent too many requests within a certain amount of time
	at com.mojang.authlib.yggdrasil.YggdrasilAuthenticationService.makeRequest(YggdrasilAuthenticationService.java:65) ~[YggdrasilAuthenticationService.class:?]
	at com.mojang.authlib.yggdrasil.YggdrasilMinecraftSessionService.fillGameProfile(YggdrasilMinecraftSessionService.java:175) [YggdrasilMinecraftSessionService.class:?]
	at com.mojang.authlib.yggdrasil.YggdrasilMinecraftSessionService$1.load(YggdrasilMinecraftSessionService.java:59) [YggdrasilMinecraftSessionService$1.class:?]
	at com.mojang.authlib.yggdrasil.YggdrasilMinecraftSessionService$1.load(YggdrasilMinecraftSessionService.java:56) [YggdrasilMinecraftSessionService$1.class:?]
	at com.google.common.cache.LocalCache$LoadingValueReference.loadFuture(LocalCache.java:3524) [guava-17.0.jar:?]
	at com.google.common.cache.LocalCache$Segment.loadSync(LocalCache.java:2317) [guava-17.0.jar:?]
	at com.google.common.cache.LocalCache$Segment.lockedGetOrLoad(LocalCache.java:2280) [guava-17.0.jar:?]
	at com.google.common.cache.LocalCache$Segment.get(LocalCache.java:2195) [guava-17.0.jar:?]
	at com.google.common.cache.LocalCache.get(LocalCache.java:3934) [guava-17.0.jar:?]
	at com.google.common.cache.LocalCache.getOrLoad(LocalCache.java:3938) [guava-17.0.jar:?]
	at com.google.common.cache.LocalCache$LocalLoadingCache.get(LocalCache.java:4821) [guava-17.0.jar:?]
	at com.google.common.cache.LocalCache$LocalLoadingCache.getUnchecked(LocalCache.java:4827) [guava-17.0.jar:?]
	at com.mojang.authlib.yggdrasil.YggdrasilMinecraftSessionService.fillProfileProperties(YggdrasilMinecraftSessionService.java:165) [YggdrasilMinecraftSessionService.class:?]
	at net.minecraft.client.Minecraft.getProfileProperties(Minecraft.java:3038) [Minecraft.class:?]
	at net.minecraft.client.resources.SkinManager$3.run(SkinManager.java:130) [SkinManager$3.class:?]
	at java.util.concurrent.Executors$RunnableAdapter.call(Executors.java:511) [?:1.8.0_77]
	at java.util.concurrent.FutureTask.run(FutureTask.java:266) [?:1.8.0_77]
	at java.util.concurrent.ThreadPoolExecutor.runWorker(ThreadPoolExecutor.java:1142) [?:1.8.0_77]
	at java.util.concurrent.ThreadPoolExecutor$Worker.run(ThreadPoolExecutor.java:617) [?:1.8.0_77]
	at java.lang.Thread.run(Thread.java:745) [?:1.8.0_77]
[19:23:26] [Server thread/INFO]: Saving chunks for level 'EM3R50N-LogicalDrops.1.9-0.9'/Nether
[19:23:26] [Server thread/INFO]: Saving chunks for level 'EM3R50N-LogicalDrops.1.9-0.9'/The End
[19:23:34] [Server thread/INFO]: [@: Killed Blaze Test Subject #124]
[19:23:34] [Server thread/INFO]: [@: Killed Spider Test Subject #34]
[19:23:34] [Server thread/INFO]: [@: Killed Enderman Test Subject #4]
[19:23:34] [Server thread/INFO]: [@: Killed Cow Test Subject #21]
[19:23:34] [Server thread/INFO]: [@: Killed Chicken Test Subject #42]
[19:23:34] [Client thread/INFO]: [CHAT] [@: Killed Blaze Test Subject #124]
[19:23:34] [Server thread/INFO]: [@: Killed Pig Test Subject #58]
[19:23:34] [Server thread/INFO]: [@: Killed Sheep Test Subject #3214]
[19:23:34] [Server thread/INFO]: [@: Killed Witch Test Subject #11]
[19:23:34] [Server thread/INFO]: [@: Killed Zombie Test Subject #311]
[19:23:34] [Server thread/INFO]: [@: Killed Slime]
[19:23:34] [Server thread/INFO]: [@: Killed Skeleton Test Subject #422]
[19:23:34] [Server thread/INFO]: [@: Killed Creeper Test Subject #12544]
[19:23:34] [Server thread/INFO]: [@: Killed Slime]
[19:23:34] [Server thread/INFO]: [@: Killed Slime]
[19:23:34] [Server thread/INFO]: [@: Killed Zombie Pigman Test Subject #107]
[19:23:34] [Server thread/INFO]: [@: Killed Slime]
[19:23:34] [Server thread/INFO]: [@: Killed Slime]
[19:23:34] [Server thread/INFO]: [@: Killed Wither Skeleton Test Subject #99]
[19:23:34] [Server thread/INFO]: [@: Killed Slime]
[19:23:34] [Server thread/INFO]: [@: Killed Slime]
[19:23:34] [Server thread/INFO]: [@: Killed Slime]
[19:23:34] [Server thread/INFO]: [@: Killed Slime]
[19:23:34] [Server thread/INFO]: [@: Killed Slime]
[19:23:34] [Server thread/INFO]: [@: Killed Slime]
[19:23:34] [Server thread/INFO]: [@: Killed Slime]
[19:23:34] [Server thread/INFO]: [@: Killed Slime]
[19:23:34] [Server thread/INFO]: [@: Killed Slime]
[19:23:34] [Server thread/INFO]: [@: Killed Slime]
[19:23:34] [Server thread/INFO]: [@: Killed Slime]
[19:23:34] [Server thread/INFO]: [@: Killed Slime]
[19:23:34] [Server thread/INFO]: [@: Killed Slime]
[19:23:34] [Server thread/INFO]: [@: Killed Slime]
[19:23:34] [Server thread/INFO]: [@: Killed Slime]
[19:23:34] [Server thread/INFO]: [@: Killed Slime]
[19:23:34] [Server thread/INFO]: [@: Killed Slime]
[19:23:34] [Server thread/INFO]: [@: Killed Slime]
[19:23:34] [Server thread/INFO]: [@: Killed Slime]
[19:23:34] [Server thread/INFO]: [@: Killed Slime]
[19:23:34] [Server thread/INFO]: [@: Killed Slime]
[19:23:34] [Server thread/INFO]: [@: Killed Slime]
[19:23:34] [Server thread/INFO]: [@: Killed Slime]
[19:23:34] [Server thread/INFO]: [@: Killed Slime]
[19:23:34] [Client thread/INFO]: [CHAT] [@: Killed Spider Test Subject #34]
[19:23:34] [Server thread/INFO]: [@: Killed Slime]
[19:23:34] [Server thread/INFO]: [@: Killed Slime]
[19:23:34] [Server thread/INFO]: [@: Killed Slime]
[19:23:34] [Server thread/INFO]: [@: Killed Slime]
[19:23:34] [Server thread/INFO]: [@: Killed Slime]
[19:23:34] [Server thread/INFO]: [@: Killed Slime]
[19:23:34] [Server thread/INFO]: [@: Killed Slime]
[19:23:34] [Server thread/INFO]: [@: Killed Slime]
[19:23:34] [Client thread/INFO]: [CHAT] [@: Killed Enderman Test Subject #4]
[19:23:34] [Server thread/INFO]: [@: Killed Slime]
[19:23:34] [Server thread/INFO]: [@: Killed Slime]
[19:23:34] [Server thread/INFO]: [@: Killed Slime]
[19:23:34] [Server thread/INFO]: [@: Killed Slime]
[19:23:34] [Server thread/INFO]: [@: Killed Slime]
[19:23:34] [Server thread/INFO]: [@: Killed Slime]
[19:23:34] [Server thread/INFO]: [@: Killed Slime]
[19:23:34] [Server thread/INFO]: [@: Killed Slime]
[19:23:34] [Server thread/INFO]: [@: Killed Slime]
[19:23:34] [Server thread/INFO]: [@: Killed Slime]
[19:23:34] [Server thread/INFO]: [@: Killed Slime]
[19:23:34] [Server thread/INFO]: [@: Killed Slime]
[19:23:34] [Server thread/INFO]: [@: Killed Slime]
[19:23:34] [Server thread/INFO]: [@: Killed Slime]
[19:23:34] [Server thread/INFO]: [@: Killed Slime]
[19:23:34] [Server thread/INFO]: [@: Killed Slime]
[19:23:34] [Server thread/INFO]: [@: Killed Slime]
[19:23:34] [Server thread/INFO]: [@: Killed Slime]
[19:23:34] [Server thread/INFO]: [@: Killed Slime]
[19:23:34] [Server thread/INFO]: [@: Killed Slime]
[19:23:34] [Server thread/INFO]: [@: Killed Slime]
[19:23:34] [Server thread/INFO]: [@: Killed Slime]
[19:23:34] [Server thread/INFO]: [@: Killed Slime]
[19:23:34] [Server thread/INFO]: [@: Killed Slime]
[19:23:34] [Server thread/INFO]: [@: Killed Slime]
[19:23:34] [Server thread/INFO]: [@: Killed Slime]
[19:23:34] [Server thread/INFO]: [@: Killed Slime]
[19:23:34] [Server thread/INFO]: [@: Killed Slime]
[19:23:34] [Server thread/INFO]: [@: Killed Slime]
[19:23:34] [Server thread/INFO]: [@: Killed Slime]
[19:23:34] [Server thread/INFO]: [@: Killed Slime]
[19:23:34] [Server thread/INFO]: [@: Killed Slime]
[19:23:34] [Server thread/INFO]: [@: Killed Slime]
[19:23:34] [Server thread/INFO]: [@: Killed Slime]
[19:23:34] [Server thread/INFO]: [@: Killed Slime]
[19:23:34] [Server thread/INFO]: [@: Killed Slime]
[19:23:34] [Server thread/INFO]: [@: Killed Slime]
[19:23:34] [Server thread/INFO]: [@: Killed Slime]
[19:23:34] [Server thread/INFO]: [@: Killed Slime]
[19:23:34] [Server thread/INFO]: [@: Killed Slime]
[19:23:34] [Server thread/INFO]: [@: Killed Slime]
[19:23:34] [Server thread/INFO]: [@: Killed Slime]
[19:23:34] [Server thread/INFO]: [@: Killed Slime]
[19:23:34] [Server thread/INFO]: [@: Killed Slime]
[19:23:34] [Server thread/INFO]: [@: Killed Slime]
[19:23:34] [Server thread/INFO]: [@: Killed Slime]
[19:23:34] [Server thread/INFO]: [@: Killed Slime]
[19:23:34] [Server thread/INFO]: [@: Killed Slime]
[19:23:34] [Client thread/INFO]: [CHAT] [@: Killed Cow Test Subject #21]
[19:23:34] [Client thread/INFO]: [CHAT] [@: Killed Chicken Test Subject #42]
[19:23:34] [Client thread/INFO]: [CHAT] [@: Killed Pig Test Subject #58]
[19:23:34] [Client thread/INFO]: [CHAT] [@: Killed Sheep Test Subject #3214]
[19:23:34] [Client thread/INFO]: [CHAT] [@: Killed Witch Test Subject #11]
[19:23:34] [Client thread/INFO]: [CHAT] [@: Killed Zombie Test Subject #311]
[19:23:34] [Client thread/INFO]: [CHAT] [@: Killed Slime]
[19:23:34] [Client thread/INFO]: [CHAT] [@: Killed Skeleton Test Subject #422]
[19:23:34] [Client thread/INFO]: [CHAT] [@: Killed Creeper Test Subject #12544]
[19:23:34] [Client thread/INFO]: [CHAT] [@: Killed Slime]
[19:23:34] [Client thread/INFO]: [CHAT] [@: Killed Slime]
[19:23:34] [Client thread/INFO]: [CHAT] [@: Killed Zombie Pigman Test Subject #107]
[19:23:34] [Client thread/INFO]: [CHAT] [@: Killed Slime]
[19:23:34] [Client thread/INFO]: [CHAT] [@: Killed Slime]
[19:23:34] [Client thread/INFO]: [CHAT] [@: Killed Wither Skeleton Test Subject #99]
[19:23:34] [Client thread/INFO]: [CHAT] [@: Killed Slime]
[19:23:34] [Client thread/INFO]: [CHAT] [@: Killed Slime]
[19:23:34] [Client thread/INFO]: [CHAT] [@: Killed Slime]
[19:23:34] [Client thread/INFO]: [CHAT] [@: Killed Slime]
[19:23:34] [Client thread/INFO]: [CHAT] [@: Killed Slime]
[19:23:34] [Client thread/INFO]: [CHAT] [@: Killed Slime]
[19:23:34] [Client thread/INFO]: [CHAT] [@: Killed Slime]
[19:23:34] [Client thread/INFO]: [CHAT] [@: Killed Slime]
[19:23:34] [Client thread/INFO]: [CHAT] [@: Killed Slime]
[19:23:34] [Client thread/INFO]: [CHAT] [@: Killed Slime]
[19:23:34] [Client thread/INFO]: [CHAT] [@: Killed Slime]
[19:23:34] [Client thread/INFO]: [CHAT] [@: Killed Slime]
[19:23:34] [Client thread/INFO]: [CHAT] [@: Killed Slime]
[19:23:34] [Client thread/INFO]: [CHAT] [@: Killed Slime]
[19:23:34] [Client thread/INFO]: [CHAT] [@: Killed Slime]
[19:23:34] [Client thread/INFO]: [CHAT] [@: Killed Slime]
[19:23:34] [Client thread/INFO]: [CHAT] [@: Killed Slime]
[19:23:34] [Client thread/INFO]: [CHAT] [@: Killed Slime]
[19:23:34] [Client thread/INFO]: [CHAT] [@: Killed Slime]
[19:23:34] [Client thread/INFO]: [CHAT] [@: Killed Slime]
[19:23:34] [Client thread/INFO]: [CHAT] [@: Killed Slime]
[19:23:34] [Client thread/INFO]: [CHAT] [@: Killed Slime]
[19:23:34] [Client thread/INFO]: [CHAT] [@: Killed Slime]
[19:23:34] [Client thread/INFO]: [CHAT] [@: Killed Slime]
[19:23:34] [Client thread/INFO]: [CHAT] [@: Killed Slime]
[19:23:34] [Client thread/INFO]: [CHAT] [@: Killed Slime]
[19:23:34] [Client thread/INFO]: [CHAT] [@: Killed Slime]
[19:23:34] [Client thread/INFO]: [CHAT] [@: Killed Slime]
[19:23:34] [Client thread/INFO]: [CHAT] [@: Killed Slime]
[19:23:34] [Client thread/INFO]: [CHAT] [@: Killed Slime]
[19:23:34] [Client thread/INFO]: [CHAT] [@: Killed Slime]
[19:23:34] [Client thread/INFO]: [CHAT] [@: Killed Slime]
[19:23:34] [Client thread/INFO]: [CHAT] [@: Killed Slime]
[19:23:34] [Client thread/INFO]: [CHAT] [@: Killed Slime]
[19:23:34] [Client thread/INFO]: [CHAT] [@: Killed Slime]
[19:23:34] [Client thread/INFO]: [CHAT] [@: Killed Slime]
[19:23:34] [Client thread/INFO]: [CHAT] [@: Killed Slime]
[19:23:34] [Client thread/INFO]: [CHAT] [@: Killed Slime]
[19:23:34] [Client thread/INFO]: [CHAT] [@: Killed Slime]
[19:23:34] [Client thread/INFO]: [CHAT] [@: Killed Slime]
[19:23:34] [Client thread/INFO]: [CHAT] [@: Killed Slime]
[19:23:34] [Client thread/INFO]: [CHAT] [@: Killed Slime]
[19:23:34] [Client thread/INFO]: [CHAT] [@: Killed Slime]
[19:23:34] [Client thread/INFO]: [CHAT] [@: Killed Slime]
[19:23:34] [Client thread/INFO]: [CHAT] [@: Killed Slime]
[19:23:34] [Client thread/INFO]: [CHAT] [@: Killed Slime]
[19:23:34] [Client thread/INFO]: [CHAT] [@: Killed Slime]
[19:23:34] [Client thread/INFO]: [CHAT] [@: Killed Slime]
[19:23:34] [Client thread/INFO]: [CHAT] [@: Killed Slime]
[19:23:34] [Client thread/INFO]: [CHAT] [@: Killed Slime]
[19:23:34] [Client thread/INFO]: [CHAT] [@: Killed Slime]
[19:23:34] [Client thread/INFO]: [CHAT] [@: Killed Slime]
[19:23:34] [Client thread/INFO]: [CHAT] [@: Killed Slime]
[19:23:34] [Client thread/INFO]: [CHAT] [@: Killed Slime]
[19:23:34] [Client thread/INFO]: [CHAT] [@: Killed Slime]
[19:23:34] [Client thread/INFO]: [CHAT] [@: Killed Slime]
[19:23:34] [Client thread/INFO]: [CHAT] [@: Killed Slime]
[19:23:34] [Client thread/INFO]: [CHAT] [@: Killed Slime]
[19:23:34] [Client thread/INFO]: [CHAT] [@: Killed Slime]
[19:23:34] [Client thread/INFO]: [CHAT] [@: Killed Slime]
[19:23:34] [Client thread/INFO]: [CHAT] [@: Killed Slime]
[19:23:34] [Client thread/INFO]: [CHAT] [@: Killed Slime]
[19:23:34] [Client thread/INFO]: [CHAT] [@: Killed Slime]
[19:23:34] [Client thread/INFO]: [CHAT] [@: Killed Slime]
[19:23:34] [Client thread/INFO]: [CHAT] [@: Killed Slime]
[19:23:34] [Client thread/INFO]: [CHAT] [@: Killed Slime]
[19:23:34] [Client thread/INFO]: [CHAT] [@: Killed Slime]
[19:23:34] [Client thread/INFO]: [CHAT] [@: Killed Slime]
[19:23:34] [Client thread/INFO]: [CHAT] [@: Killed Slime]
[19:23:34] [Client thread/INFO]: [CHAT] [@: Killed Slime]
[19:23:34] [Client thread/INFO]: [CHAT] [@: Killed Slime]
[19:23:34] [Client thread/INFO]: [CHAT] [@: Killed Slime]
[19:23:34] [Client thread/INFO]: [CHAT] [@: Killed Slime]
[19:23:34] [Client thread/INFO]: [CHAT] [@: Killed Slime]
[19:23:34] [Client thread/INFO]: [CHAT] [@: Killed Slime]
[19:23:34] [Client thread/INFO]: [CHAT] [@: Killed Slime]
[19:23:34] [Client thread/INFO]: [CHAT] [@: Killed Slime]
[19:23:34] [Client thread/INFO]: [CHAT] [@: Killed Slime]
[19:23:34] [Client thread/INFO]: [CHAT] [@: Killed Slime]
[19:23:34] [Client thread/INFO]: [CHAT] [@: Killed Slime]
[19:23:35] [Client thread/WARN]: Unable to play empty soundEvent: minecraft:entity.small_slime.squish
[19:23:35] [Client thread/WARN]: Unable to play empty soundEvent: minecraft:entity.small_slime.jump
[19:23:35] [Server thread/INFO]: [@: Killed item.tile.cloth.black]
[19:23:35] [Server thread/INFO]: [@: Killed item.item.potion]
[19:23:35] [Server thread/INFO]: [@: Killed item.item.enderPearl]
[19:23:35] [Server thread/INFO]: [@: Killed item.item.bone]
[19:23:35] [Server thread/INFO]: [@: Killed item.item.leather]
[19:23:35] [Server thread/INFO]: [@: Killed item.item.blazeRod]
[19:23:35] [Server thread/INFO]: [@: Killed item.item.beefRaw]
[19:23:35] [Server thread/INFO]: [@: Killed item.item.fireball]
[19:23:35] [Server thread/INFO]: [@: Killed item.item.chickenRaw]
[19:23:35] [Server thread/INFO]: [@: Killed item.item.feather]
[19:23:35] [Server thread/INFO]: [@: Killed item.item.chickenRaw]
[19:23:35] [Server thread/INFO]: [@: Killed item.item.porkchopRaw]
[19:23:35] [Server thread/INFO]: [@: Killed item.item.string]
[19:23:35] [Server thread/INFO]: [@: Killed item.item.porkchopRaw]
[19:23:35] [Server thread/INFO]: [@: Killed item.tile.web]
[19:23:35] [Server thread/INFO]: [@: Killed item.item.string]
[19:23:35] [Server thread/INFO]: [@: Killed item.item.muttonRaw]
[19:23:35] [Server thread/INFO]: [@: Killed item.item.bone]
[19:23:35] [Server thread/INFO]: [@: Killed item.tile.cloth.white]
[19:23:35] [Server thread/INFO]: [@: Killed item.item.leggingsCloth]
[19:23:35] [Server thread/INFO]: [@: Killed item.item.rottenFlesh]
[19:23:35] [Server thread/INFO]: [@: Killed item.item.bone]
[19:23:35] [Server thread/INFO]: [@: Killed item.item.chestplateCloth]
[19:23:35] [Server thread/INFO]: [@: Killed item.item.skull.zombie]
[19:23:35] [Server thread/INFO]: [@: Killed item.tile.cloth.purple]
[19:23:35] [Server thread/INFO]: [@: Killed item.item.potion]
[19:23:35] [Server thread/INFO]: [@: Killed item.item.glassBottle]
[19:23:35] [Server thread/INFO]: [@: Killed item.item.bone]
[19:23:35] [Server thread/INFO]: [@: Killed item.item.slimeball]
[19:23:35] [Server thread/INFO]: [@: Killed item.item.slimeball]
[19:23:35] [Server thread/INFO]: [@: Killed item.item.skull.skeleton]
[19:23:35] [Server thread/INFO]: [@: Killed item.item.bone]
[19:23:35] [Server thread/INFO]: [@: Killed item.tile.tnt]
[19:23:35] [Server thread/INFO]: [@: Killed item.item.skull.creeper]
[19:23:35] [Server thread/INFO]: [@: Killed item.tile.cloth.lime]
[19:23:35] [Server thread/INFO]: [@: Killed item.item.skull.skeleton]
[19:23:35] [Server thread/INFO]: [@: Killed item.item.bone]
[19:23:35] [Server thread/INFO]: [@: Killed item.item.porkchopRaw]
[19:23:35] [Server thread/INFO]: [@: Killed item.item.slimeball]
[19:23:35] [Server thread/INFO]: [@: Killed item.item.slimeball]
[19:23:35] [Server thread/INFO]: [@: Killed item.item.bone]
[19:23:35] [Server thread/INFO]: [@: Killed item.item.coal]
[19:23:35] [Server thread/INFO]: [@: Killed item.item.skull.wither]
[19:23:35] [Server thread/INFO]: [@: Killed item.item.slimeball]
[19:23:35] [Server thread/INFO]: [@: Killed item.item.slimeball]
[19:23:35] [Server thread/INFO]: [@: Killed item.item.slimeball]
[19:23:35] [Server thread/INFO]: [@: Killed item.item.slimeball]
[19:23:35] [Server thread/INFO]: [@: Killed item.item.slimeball]
[19:23:35] [Server thread/INFO]: [@: Killed item.item.slimeball]
[19:23:35] [Client thread/INFO]: [CHAT] [@: Killed item.tile.cloth.black]
[19:23:35] [Server thread/INFO]: [@: Killed item.item.slimeball]
[19:23:35] [Client thread/INFO]: [CHAT] [@: Killed item.item.potion]
[19:23:35] [Server thread/INFO]: [@: Killed item.item.slimeball]
[19:23:35] [Client thread/INFO]: [CHAT] [@: Killed item.item.enderPearl]
[19:23:35] [Server thread/INFO]: [@: Killed item.item.slimeball]
[19:23:35] [Client thread/INFO]: [CHAT] [@: Killed item.item.bone]
[19:23:35] [Server thread/INFO]: [@: Killed item.item.slimeball]
[19:23:35] [Server thread/INFO]: [@: Killed item.item.slimeball]
[19:23:35] [Server thread/INFO]: [@: Killed item.item.slimeball]
[19:23:35] [Server thread/INFO]: [@: Killed item.item.slimeball]
[19:23:35] [Server thread/INFO]: [@: Killed item.item.slimeball]
[19:23:35] [Server thread/INFO]: [@: Killed item.item.slimeball]
[19:23:35] [Server thread/INFO]: [@: Killed item.item.slimeball]
[19:23:35] [Server thread/INFO]: [@: Killed item.item.slimeball]
[19:23:35] [Client thread/INFO]: [CHAT] [@: Killed item.item.leather]
[19:23:35] [Server thread/INFO]: [@: Killed item.item.slimeball]
[19:23:35] [Client thread/INFO]: [CHAT] [@: Killed item.item.blazeRod]
[19:23:35] [Client thread/INFO]: [CHAT] [@: Killed item.item.beefRaw]
[19:23:35] [Server thread/INFO]: [@: Killed item.item.slimeball]
[19:23:35] [Client thread/INFO]: [CHAT] [@: Killed item.item.fireball]
[19:23:35] [Server thread/INFO]: [@: Killed item.item.slimeball]
[19:23:35] [Client thread/INFO]: [CHAT] [@: Killed item.item.chickenRaw]
[19:23:35] [Client thread/INFO]: [CHAT] [@: Killed item.item.feather]
[19:23:35] [Server thread/INFO]: [@: Killed item.item.slimeball]
[19:23:35] [Client thread/INFO]: [CHAT] [@: Killed item.item.chickenRaw]
[19:23:35] [Client thread/INFO]: [CHAT] [@: Killed item.item.porkchopRaw]
[19:23:35] [Client thread/INFO]: [CHAT] [@: Killed item.item.string]
[19:23:35] [Client thread/INFO]: [CHAT] [@: Killed item.item.porkchopRaw]
[19:23:35] [Server thread/INFO]: [@: Killed item.item.slimeball]
[19:23:35] [Client thread/INFO]: [CHAT] [@: Killed item.tile.web]
[19:23:35] [Client thread/INFO]: [CHAT] [@: Killed item.item.string]
[19:23:35] [Client thread/INFO]: [CHAT] [@: Killed item.item.muttonRaw]
[19:23:35] [Server thread/INFO]: [@: Killed item.item.slimeball]
[19:23:35] [Client thread/INFO]: [CHAT] [@: Killed item.item.bone]
[19:23:35] [Client thread/INFO]: [CHAT] [@: Killed item.tile.cloth.white]
[19:23:35] [Server thread/INFO]: [@: Killed item.item.slimeball]
[19:23:35] [Client thread/INFO]: [CHAT] [@: Killed item.item.leggingsCloth]
[19:23:35] [Client thread/INFO]: [CHAT] [@: Killed item.item.rottenFlesh]
[19:23:35] [Client thread/INFO]: [CHAT] [@: Killed item.item.bone]
[19:23:35] [Server thread/INFO]: [@: Killed item.item.slimeball]
[19:23:35] [Client thread/INFO]: [CHAT] [@: Killed item.item.chestplateCloth]
[19:23:35] [Server thread/INFO]: [@: Killed item.item.slimeball]
[19:23:35] [Client thread/INFO]: [CHAT] [@: Killed item.item.skull.zombie]
[19:23:35] [Client thread/INFO]: [CHAT] [@: Killed item.tile.cloth.purple]
[19:23:35] [Server thread/INFO]: [@: Killed item.item.slimeball]
[19:23:35] [Client thread/INFO]: [CHAT] [@: Killed item.item.potion]
[19:23:35] [Client thread/INFO]: [CHAT] [@: Killed item.item.glassBottle]
[19:23:35] [Client thread/INFO]: [CHAT] [@: Killed item.item.bone]
[19:23:35] [Server thread/INFO]: [@: Killed item.item.slimeball]
[19:23:35] [Client thread/INFO]: [CHAT] [@: Killed item.item.slimeball]
[19:23:35] [Client thread/INFO]: [CHAT] [@: Killed item.item.slimeball]
[19:23:35] [Server thread/INFO]: [@: Killed item.item.slimeball]
[19:23:35] [Client thread/INFO]: [CHAT] [@: Killed item.item.skull.skeleton]
[19:23:35] [Client thread/INFO]: [CHAT] [@: Killed item.item.bone]
[19:23:35] [Client thread/INFO]: [CHAT] [@: Killed item.tile.tnt]
[19:23:35] [Client thread/INFO]: [CHAT] [@: Killed item.item.skull.creeper]
[19:23:35] [Client thread/INFO]: [CHAT] [@: Killed item.tile.cloth.lime]
[19:23:35] [Client thread/INFO]: [CHAT] [@: Killed item.item.skull.skeleton]
[19:23:35] [Client thread/INFO]: [CHAT] [@: Killed item.item.bone]
[19:23:35] [Client thread/INFO]: [CHAT] [@: Killed item.item.porkchopRaw]
[19:23:35] [Client thread/INFO]: [CHAT] [@: Killed item.item.slimeball]
[19:23:35] [Client thread/INFO]: [CHAT] [@: Killed item.item.slimeball]
[19:23:35] [Client thread/INFO]: [CHAT] [@: Killed item.item.bone]
[19:23:35] [Client thread/INFO]: [CHAT] [@: Killed item.item.coal]
[19:23:35] [Client thread/INFO]: [CHAT] [@: Killed item.item.skull.wither]
[19:23:35] [Client thread/INFO]: [CHAT] [@: Killed item.item.slimeball]
[19:23:35] [Client thread/INFO]: [CHAT] [@: Killed item.item.slimeball]
[19:23:35] [Client thread/INFO]: [CHAT] [@: Killed item.item.slimeball]
[19:23:35] [Client thread/INFO]: [CHAT] [@: Killed item.item.slimeball]
[19:23:35] [Client thread/INFO]: [CHAT] [@: Killed item.item.slimeball]
[19:23:35] [Client thread/INFO]: [CHAT] [@: Killed item.item.slimeball]
[19:23:35] [Client thread/INFO]: [CHAT] [@: Killed item.item.slimeball]
[19:23:35] [Client thread/INFO]: [CHAT] [@: Killed item.item.slimeball]
[19:23:35] [Client thread/INFO]: [CHAT] [@: Killed item.item.slimeball]
[19:23:35] [Client thread/INFO]: [CHAT] [@: Killed item.item.slimeball]
[19:23:35] [Client thread/INFO]: [CHAT] [@: Killed item.item.slimeball]
[19:23:35] [Client thread/INFO]: [CHAT] [@: Killed item.item.slimeball]
[19:23:35] [Client thread/INFO]: [CHAT] [@: Killed item.item.slimeball]
[19:23:35] [Client thread/INFO]: [CHAT] [@: Killed item.item.slimeball]
[19:23:35] [Client thread/INFO]: [CHAT] [@: Killed item.item.slimeball]
[19:23:35] [Client thread/INFO]: [CHAT] [@: Killed item.item.slimeball]
[19:23:35] [Client thread/INFO]: [CHAT] [@: Killed item.item.slimeball]
[19:23:35] [Client thread/INFO]: [CHAT] [@: Killed item.item.slimeball]
[19:23:35] [Client thread/INFO]: [CHAT] [@: Killed item.item.slimeball]
[19:23:35] [Client thread/INFO]: [CHAT] [@: Killed item.item.slimeball]
[19:23:35] [Client thread/INFO]: [CHAT] [@: Killed item.item.slimeball]
[19:23:35] [Client thread/INFO]: [CHAT] [@: Killed item.item.slimeball]
[19:23:35] [Client thread/INFO]: [CHAT] [@: Killed item.item.slimeball]
[19:23:35] [Client thread/INFO]: [CHAT] [@: Killed item.item.slimeball]
[19:23:35] [Client thread/INFO]: [CHAT] [@: Killed item.item.slimeball]
[19:23:35] [Client thread/INFO]: [CHAT] [@: Killed item.item.slimeball]
[19:23:35] [Client thread/INFO]: [CHAT] [@: Killed item.item.slimeball]
[19:23:35] [Client thread/INFO]: [CHAT] [@: Killed item.item.slimeball]
[19:23:35] [Client thread/INFO]: [CHAT] [@: Killed item.item.slimeball]
[19:23:37] [Server thread/INFO]: [@: Object successfully summoned]
[19:23:37] [Server thread/INFO]: [@: Object successfully summoned]
[19:23:37] [Server thread/INFO]: [@: Object successfully summoned]
[19:23:37] [Server thread/INFO]: [@: Object successfully summoned]
[19:23:37] [Client thread/INFO]: [CHAT] [@: Object successfully summoned]
[19:23:37] [Client thread/INFO]: [CHAT] [@: Object successfully summoned]
[19:23:37] [Client thread/INFO]: [CHAT] [@: Object successfully summoned]
[19:23:37] [Client thread/INFO]: [CHAT] [@: Object successfully summoned]
[19:23:37] [Server thread/INFO]: [@: Object successfully summoned]
[19:23:37] [Server thread/INFO]: [@: Object successfully summoned]
[19:23:37] [Client thread/INFO]: [CHAT] [@: Object successfully summoned]
[19:23:37] [Client thread/INFO]: [CHAT] [@: Object successfully summoned]
[19:23:37] [Server thread/INFO]: [@: Object successfully summoned]
[19:23:37] [Server thread/INFO]: [@: Object successfully summoned]
[19:23:37] [Client thread/INFO]: [CHAT] [@: Object successfully summoned]
[19:23:37] [Client thread/INFO]: [CHAT] [@: Object successfully summoned]
[19:23:37] [Server thread/INFO]: [@: Object successfully summoned]
[19:23:37] [Client thread/INFO]: [CHAT] [@: Object successfully summoned]
[19:23:37] [Server thread/INFO]: [@: Object successfully summoned]
[19:23:37] [Server thread/INFO]: [@: Object successfully summoned]
[19:23:37] [Server thread/INFO]: [@: Object successfully summoned]
[19:23:37] [Client thread/INFO]: [CHAT] [@: Object successfully summoned]
[19:23:37] [Client thread/INFO]: [CHAT] [@: Object successfully summoned]
[19:23:37] [Client thread/INFO]: [CHAT] [@: Object successfully summoned]
[19:23:37] [Server thread/INFO]: [@: Object successfully summoned]
[19:23:37] [Client thread/INFO]: [CHAT] [@: Object successfully summoned]
[19:23:40] [Server thread/INFO]: Saving and pausing game...
[19:23:40] [Server thread/INFO]: Saving chunks for level 'EM3R50N-LogicalDrops.1.9-0.9'/Overworld
[19:23:40] [Server thread/INFO]: Saving chunks for level 'EM3R50N-LogicalDrops.1.9-0.9'/Nether
[19:23:40] [Server thread/INFO]: Saving chunks for level 'EM3R50N-LogicalDrops.1.9-0.9'/The End
[19:23:40] [Server thread/INFO]: Stopping server
[19:23:40] [Server thread/INFO]: Saving players
[19:23:40] [Server thread/INFO]: Saving worlds
[19:23:40] [Server thread/INFO]: Saving chunks for level 'EM3R50N-LogicalDrops.1.9-0.9'/Overworld
[19:23:40] [Server thread/INFO]: Saving chunks for level 'EM3R50N-LogicalDrops.1.9-0.9'/Nether
[19:23:40] [Server thread/INFO]: Saving chunks for level 'EM3R50N-LogicalDrops.1.9-0.9'/The End
[19:23:51] [Client thread/INFO]: Stopping!
[19:23:51] [Client thread/INFO]: SoundSystem shutting down...
[19:23:51] [Client thread/WARN]: Author: Paul Lamb, www.paulscode.com
